  main.cpp
C:\Users\softl\OneDrive\Desktop\subah\Lab 3\Lighting Student Version\sphere.h(181,26): warning C4244: 'initializing': conversion from 'double' to 'float', possible loss of data
C:\Users\softl\OneDrive\Desktop\subah\Lab 3\Lighting Student Version\sphere.h(182,25): warning C4244: 'initializing': conversion from 'double' to 'float', possible loss of data
C:\Users\softl\OneDrive\Desktop\subah\Lab 3\Lighting Student Version\sphere.h(184,26): warning C4244: 'initializing': conversion from 'double' to 'float', possible loss of data
C:\Users\softl\OneDrive\Desktop\subah\Lab 3\Lighting Student Version\main.cpp(400,22): warning C4305: 'initializing': truncation from 'double' to 'float'
C:\Users\softl\OneDrive\Desktop\subah\Lab 3\Lighting Student Version\main.cpp(403,23): warning C4305: 'initializing': truncation from 'double' to 'float'
C:\Users\softl\OneDrive\Desktop\subah\Lab 3\Lighting Student Version\main.cpp(404,24): warning C4305: 'initializing': truncation from 'double' to 'float'
C:\Users\softl\OneDrive\Desktop\subah\Lab 3\Lighting Student Version\main.cpp(405,24): warning C4305: 'initializing': truncation from 'double' to 'float'
C:\Users\softl\OneDrive\Desktop\subah\Lab 3\Lighting Student Version\main.cpp(406,25): warning C4305: 'initializing': truncation from 'double' to 'float'
C:\Users\softl\OneDrive\Desktop\subah\Lab 3\Lighting Student Version\main.cpp(407,22): warning C4305: 'initializing': truncation from 'double' to 'float'
C:\Users\softl\OneDrive\Desktop\subah\Lab 3\Lighting Student Version\main.cpp(417,60): warning C4305: 'argument': truncation from 'double' to 'float'
C:\Users\softl\OneDrive\Desktop\subah\Lab 3\Lighting Student Version\main.cpp(417,53): warning C4305: 'argument': truncation from 'double' to 'float'
C:\Users\softl\OneDrive\Desktop\subah\Lab 3\Lighting Student Version\main.cpp(417,46): warning C4305: 'argument': truncation from 'double' to 'float'
C:\Users\softl\OneDrive\Desktop\subah\Lab 3\Lighting Student Version\main.cpp(428,60): warning C4305: 'argument': truncation from 'double' to 'float'
C:\Users\softl\OneDrive\Desktop\subah\Lab 3\Lighting Student Version\main.cpp(428,53): warning C4305: 'argument': truncation from 'double' to 'float'
C:\Users\softl\OneDrive\Desktop\subah\Lab 3\Lighting Student Version\main.cpp(428,46): warning C4305: 'argument': truncation from 'double' to 'float'
C:\Users\softl\OneDrive\Desktop\subah\Lab 3\Lighting Student Version\main.cpp(439,49): warning C4305: 'argument': truncation from 'double' to 'float'
C:\Users\softl\OneDrive\Desktop\subah\Lab 3\Lighting Student Version\main.cpp(450,49): warning C4305: 'argument': truncation from 'double' to 'float'
C:\Users\softl\OneDrive\Desktop\subah\Lab 3\Lighting Student Version\main.cpp(461,60): warning C4305: 'argument': truncation from 'double' to 'float'
C:\Users\softl\OneDrive\Desktop\subah\Lab 3\Lighting Student Version\main.cpp(461,53): warning C4305: 'argument': truncation from 'double' to 'float'
C:\Users\softl\OneDrive\Desktop\subah\Lab 3\Lighting Student Version\main.cpp(461,46): warning C4305: 'argument': truncation from 'double' to 'float'
C:\Users\softl\OneDrive\Desktop\subah\Lab 3\Lighting Student Version\main.cpp(472,60): warning C4305: 'argument': truncation from 'double' to 'float'
C:\Users\softl\OneDrive\Desktop\subah\Lab 3\Lighting Student Version\main.cpp(472,53): warning C4305: 'argument': truncation from 'double' to 'float'
C:\Users\softl\OneDrive\Desktop\subah\Lab 3\Lighting Student Version\main.cpp(472,46): warning C4305: 'argument': truncation from 'double' to 'float'
C:\Users\softl\OneDrive\Desktop\subah\Lab 3\Lighting Student Version\main.cpp(498,47): warning C4305: '-=': truncation from 'double' to 'float'
C:\Users\softl\OneDrive\Desktop\subah\Lab 3\Lighting Student Version\main.cpp(499,52): warning C4305: '-=': truncation from 'double' to 'float'
C:\Users\softl\OneDrive\Desktop\subah\Lab 3\Lighting Student Version\main.cpp(500,34): warning C4305: '-=': truncation from 'double' to 'float'
C:\Users\softl\OneDrive\Desktop\subah\Lab 3\Lighting Student Version\main.cpp(502,75): warning C4305: '+=': truncation from 'double' to 'float'
C:\Users\softl\OneDrive\Desktop\subah\Lab 3\Lighting Student Version\main.cpp(503,75): warning C4305: '-=': truncation from 'double' to 'float'
C:\Users\softl\OneDrive\Desktop\subah\Lab 3\Lighting Student Version\main.cpp(504,75): warning C4305: '+=': truncation from 'double' to 'float'
C:\Users\softl\OneDrive\Desktop\subah\Lab 3\Lighting Student Version\main.cpp(505,75): warning C4305: '-=': truncation from 'double' to 'float'
C:\Users\softl\OneDrive\Desktop\subah\Lab 3\Lighting Student Version\main.cpp(506,75): warning C4305: '+=': truncation from 'double' to 'float'
C:\Users\softl\OneDrive\Desktop\subah\Lab 3\Lighting Student Version\main.cpp(507,75): warning C4305: '-=': truncation from 'double' to 'float'
C:\Users\softl\OneDrive\Desktop\subah\Lab 3\Lighting Student Version\main.cpp(508,71): warning C4305: '+=': truncation from 'double' to 'float'
C:\Users\softl\OneDrive\Desktop\subah\Lab 3\Lighting Student Version\main.cpp(509,71): warning C4305: '-=': truncation from 'double' to 'float'
C:\Users\softl\OneDrive\Desktop\subah\Lab 3\Lighting Student Version\main.cpp(510,71): warning C4305: '+=': truncation from 'double' to 'float'
C:\Users\softl\OneDrive\Desktop\subah\Lab 3\Lighting Student Version\main.cpp(511,71): warning C4305: '-=': truncation from 'double' to 'float'
C:\Users\softl\OneDrive\Desktop\subah\Lab 3\Lighting Student Version\main.cpp(512,71): warning C4305: '+=': truncation from 'double' to 'float'
C:\Users\softl\OneDrive\Desktop\subah\Lab 3\Lighting Student Version\main.cpp(513,71): warning C4305: '-=': truncation from 'double' to 'float'
C:\Users\softl\OneDrive\Desktop\subah\Lab 3\Lighting Student Version\main.cpp(517,29): warning C4305: '+=': truncation from 'double' to 'float'
C:\Users\softl\OneDrive\Desktop\subah\Lab 3\Lighting Student Version\main.cpp(524,29): warning C4305: '+=': truncation from 'double' to 'float'
C:\Users\softl\OneDrive\Desktop\subah\Lab 3\Lighting Student Version\main.cpp(531,29): warning C4305: '+=': truncation from 'double' to 'float'
C:\Users\softl\OneDrive\Desktop\subah\Lab 3\Lighting Student Version\main.cpp(539,21): warning C4244: '+=': conversion from 'double' to 'float', possible loss of data
C:\Users\softl\OneDrive\Desktop\subah\Lab 3\Lighting Student Version\main.cpp(544,21): warning C4244: '-=': conversion from 'double' to 'float', possible loss of data
C:\Users\softl\OneDrive\Desktop\subah\Lab 3\Lighting Student Version\main.cpp(549,21): warning C4244: '+=': conversion from 'double' to 'float', possible loss of data
C:\Users\softl\OneDrive\Desktop\subah\Lab 3\Lighting Student Version\main.cpp(554,21): warning C4244: '-=': conversion from 'double' to 'float', possible loss of data
C:\Users\softl\OneDrive\Desktop\subah\Lab 3\Lighting Student Version\main.cpp(559,21): warning C4244: '+=': conversion from 'double' to 'float', possible loss of data
C:\Users\softl\OneDrive\Desktop\subah\Lab 3\Lighting Student Version\main.cpp(564,21): warning C4244: '-=': conversion from 'double' to 'float', possible loss of data
  Lighting.vcxproj -> C:\Users\softl\OneDrive\Desktop\subah\Lab 3\Lighting Student Version\x64\Debug\Lighting.exe
